Exception in thread "main" java.lang.OutOfMemoryError: Java heap space
	at com.sun.org.apache.xerces.internal.util.XMLStringBuffer.append(XMLStringBuffer.java:205)
	at com.sun.org.apache.xerces.internal.impl.XMLDocumentScannerImpl.refresh(XMLDocumentScannerImpl.java:1522)
	at com.sun.org.apache.xerces.internal.impl.XMLEntityScanner.invokeListeners(XMLEntityScanner.java:2070)
	at com.sun.org.apache.xerces.internal.impl.XMLEntityScanner.skipSpaces(XMLEntityScanner.java:1491)
	at com.sun.org.apache.xerces.internal.impl.XMLDocumentFragmentScannerImpl.scanAttribute(XMLDocumentFragmentScannerImpl.java:1533)
	at com.sun.org.apache.xerces.internal.impl.XMLDocumentFragmentScannerImpl.scanStartElement(XMLDocumentFragmentScannerImpl.java:1320)
	at com.sun.org.apache.xerces.internal.impl.XMLDocumentFragmentScannerImpl$FragmentContentDriver.next(XMLDocumentFragmentScannerImpl.java:2755)
	at com.sun.org.apache.xerces.internal.impl.XMLDocumentScannerImpl.next(XMLDocumentScannerImpl.java:648)
	at com.sun.org.apache.xerces.internal.impl.XMLDocumentFragmentScannerImpl.scanDocument(XMLDocumentFragmentScannerImpl.java:511)
	at com.sun.org.apache.xerces.internal.parsers.XML11Configuration.parse(XML11Configuration.java:808)
	at com.sun.org.apache.xerces.internal.parsers.XML11Configuration.parse(XML11Configuration.java:737)
	at com.sun.org.apache.xerces.internal.parsers.XMLParser.parse(XMLParser.java:119)
	at com.sun.org.apache.xerces.internal.parsers.AbstractSAXParser.parse(AbstractSAXParser.java:1205)
	at com.sun.org.apache.xerces.internal.jaxp.SAXParserImpl$JAXPSAXParser.parse(SAXParserImpl.java:522)
	at com.jeantessier.dependency.NodeLoader.load(NodeLoader.java:109)
	at com.jeantessier.dependency.NodeLoader.load(NodeLoader.java:86)
	at com.jeantessier.dependency.NodeLoader.load(NodeLoader.java:71)
	at com.jeantessier.dependencyfinder.cli.DependencyReporter.loadGraphFromFile(DependencyReporter.java:174)
	at com.jeantessier.dependencyfinder.cli.DependencyReporter.copyGraphFromFiles(DependencyReporter.java:135)
	at com.jeantessier.dependencyfinder.cli.DependencyReporter.copyGraph(DependencyReporter.java:124)
	at com.jeantessier.dependencyfinder.cli.DependencyReporter.doProcessing(DependencyReporter.java:96)
	at com.jeantessier.dependencyfinder.cli.Command.process(Command.java:170)
	at com.jeantessier.dependencyfinder.cli.Command.run(Command.java:92)
	at com.jeantessier.dependencyfinder.cli.DependencyReporter.main(DependencyReporter.java:182)
org.apache.commons.exec.ExecuteException: Process exited with an error: 1 (Exit value: 1)
	at org.apache.commons.exec.DefaultExecutor.executeInternal(DefaultExecutor.java:377)
	at org.apache.commons.exec.DefaultExecutor.execute(DefaultExecutor.java:160)
	at uw.star.rts.analysis.DependencyAnalyzer.runDependencyFinder(DependencyAnalyzer.java:151)
	at uw.star.rts.analysis.DependencyAnalyzer_C2CInbound.analyze(DependencyAnalyzer_C2CInbound.java:53)
	at uw.star.rts.technique.ClassFirewall_Direct.collectDependentInformation(ClassFirewall_Direct.java:45)
	at uw.star.rts.technique.ClassFirewall.selectTests(ClassFirewall.java:70)
	at uw.star.rts.TCselection.TestCaseSelection.applyTechnique(TestCaseSelection.java:49)
	at uw.star.rts.TCselection.TestCaseSelection.applyTechniques(TestCaseSelection.java:111)
	at uw.star.rts.main.Engine.evaluate(Engine.java:103)
	at uw.star.rts.main.Engine.main(Engine.java:53)
	at sun.reflect.NativeMethodAccessorImpl.invoke0(Native Method)
	at sun.reflect.NativeMethodAccessorImpl.invoke(NativeMethodAccessorImpl.java:57)
	at sun.reflect.DelegatingMethodAccessorImpl.invoke(DelegatingMethodAccessorImpl.java:43)
	at java.lang.reflect.Method.invoke(Method.java:601)
	at org.eclipse.jdt.internal.jarinjarloader.JarRsrcLoader.main(JarRsrcLoader.java:58)
Exception in thread "main" java.lang.OutOfMemoryError: Java heap space
	at com.sun.org.apache.xerces.internal.util.XMLStringBuffer.append(XMLStringBuffer.java:205)
	at com.sun.org.apache.xerces.internal.impl.XMLDocumentScannerImpl.refresh(XMLDocumentScannerImpl.java:1522)
	at com.sun.org.apache.xerces.internal.impl.XMLEntityScanner.invokeListeners(XMLEntityScanner.java:2070)
	at com.sun.org.apache.xerces.internal.impl.XMLEntityScanner.skipChar(XMLEntityScanner.java:1415)
	at com.sun.org.apache.xerces.internal.impl.XMLDocumentFragmentScannerImpl$FragmentContentDriver.next(XMLDocumentFragmentScannerImpl.java:2792)
	at com.sun.org.apache.xerces.internal.impl.XMLDocumentScannerImpl.next(XMLDocumentScannerImpl.java:648)
	at com.sun.org.apache.xerces.internal.impl.XMLDocumentFragmentScannerImpl.scanDocument(XMLDocumentFragmentScannerImpl.java:511)
	at com.sun.org.apache.xerces.internal.parsers.XML11Configuration.parse(XML11Configuration.java:808)
	at com.sun.org.apache.xerces.internal.parsers.XML11Configuration.parse(XML11Configuration.java:737)
	at com.sun.org.apache.xerces.internal.parsers.XMLParser.parse(XMLParser.java:119)
	at com.sun.org.apache.xerces.internal.parsers.AbstractSAXParser.parse(AbstractSAXParser.java:1205)
	at com.sun.org.apache.xerces.internal.jaxp.SAXParserImpl$JAXPSAXParser.parse(SAXParserImpl.java:522)
	at com.jeantessier.dependency.NodeLoader.load(NodeLoader.java:109)
	at com.jeantessier.dependency.NodeLoader.load(NodeLoader.java:86)
	at com.jeantessier.dependency.NodeLoader.load(NodeLoader.java:71)
	at com.jeantessier.dependencyfinder.cli.DependencyReporter.loadGraphFromFile(DependencyReporter.java:174)
	at com.jeantessier.dependencyfinder.cli.DependencyReporter.copyGraphFromFiles(DependencyReporter.java:135)
	at com.jeantessier.dependencyfinder.cli.DependencyReporter.copyGraph(DependencyReporter.java:124)
	at com.jeantessier.dependencyfinder.cli.DependencyReporter.doProcessing(DependencyReporter.java:96)
	at com.jeantessier.dependencyfinder.cli.Command.process(Command.java:170)
	at com.jeantessier.dependencyfinder.cli.Command.run(Command.java:92)
	at com.jeantessier.dependencyfinder.cli.DependencyReporter.main(DependencyReporter.java:182)
org.apache.commons.exec.ExecuteException: Process exited with an error: 1 (Exit value: 1)
	at org.apache.commons.exec.DefaultExecutor.executeInternal(DefaultExecutor.java:377)
	at org.apache.commons.exec.DefaultExecutor.execute(DefaultExecutor.java:160)
	at uw.star.rts.analysis.DependencyAnalyzer.runDependencyFinder(DependencyAnalyzer.java:151)
	at uw.star.rts.analysis.DependencyAnalyzer_C2CInbound.analyze(DependencyAnalyzer_C2CInbound.java:53)
	at uw.star.rts.technique.ClassFirewall_Direct.collectDependentInformation(ClassFirewall_Direct.java:45)
	at uw.star.rts.technique.ClassFirewall.selectTests(ClassFirewall.java:70)
	at uw.star.rts.TCselection.TestCaseSelection.applyTechnique(TestCaseSelection.java:49)
	at uw.star.rts.TCselection.TestCaseSelection.applyTechniques(TestCaseSelection.java:111)
	at uw.star.rts.main.Engine.evaluate(Engine.java:103)
	at uw.star.rts.main.Engine.main(Engine.java:53)
	at sun.reflect.NativeMethodAccessorImpl.invoke0(Native Method)
	at sun.reflect.NativeMethodAccessorImpl.invoke(NativeMethodAccessorImpl.java:57)
	at sun.reflect.DelegatingMethodAccessorImpl.invoke(DelegatingMethodAccessorImpl.java:43)
	at java.lang.reflect.Method.invoke(Method.java:601)
	at org.eclipse.jdt.internal.jarinjarloader.JarRsrcLoader.main(JarRsrcLoader.java:58)
Exception in thread "main" java.lang.OutOfMemoryError: Java heap space
	at com.sun.org.apache.xerces.internal.util.XMLStringBuffer.append(XMLStringBuffer.java:205)
	at com.sun.org.apache.xerces.internal.impl.XMLDocumentScannerImpl.refresh(XMLDocumentScannerImpl.java:1522)
	at com.sun.org.apache.xerces.internal.impl.XMLEntityScanner.invokeListeners(XMLEntityScanner.java:2070)
	at com.sun.org.apache.xerces.internal.impl.XMLEntityScanner.skipChar(XMLEntityScanner.java:1415)
	at com.sun.org.apache.xerces.internal.impl.XMLDocumentFragmentScannerImpl$FragmentContentDriver.next(XMLDocumentFragmentScannerImpl.java:2792)
	at com.sun.org.apache.xerces.internal.impl.XMLDocumentScannerImpl.next(XMLDocumentScannerImpl.java:648)
	at com.sun.org.apache.xerces.internal.impl.XMLDocumentFragmentScannerImpl.scanDocument(XMLDocumentFragmentScannerImpl.java:511)
	at com.sun.org.apache.xerces.internal.parsers.XML11Configuration.parse(XML11Configuration.java:808)
	at com.sun.org.apache.xerces.internal.parsers.XML11Configuration.parse(XML11Configuration.java:737)
	at com.sun.org.apache.xerces.internal.parsers.XMLParser.parse(XMLParser.java:119)
	at com.sun.org.apache.xerces.internal.parsers.AbstractSAXParser.parse(AbstractSAXParser.java:1205)
	at com.sun.org.apache.xerces.internal.jaxp.SAXParserImpl$JAXPSAXParser.parse(SAXParserImpl.java:522)
	at com.jeantessier.dependency.NodeLoader.load(NodeLoader.java:109)
	at com.jeantessier.dependency.NodeLoader.load(NodeLoader.java:86)
	at com.jeantessier.dependency.NodeLoader.load(NodeLoader.java:71)
	at com.jeantessier.dependencyfinder.cli.DependencyReporter.loadGraphFromFile(DependencyReporter.java:174)
	at com.jeantessier.dependencyfinder.cli.DependencyReporter.copyGraphFromFiles(DependencyReporter.java:135)
	at com.jeantessier.dependencyfinder.cli.DependencyReporter.copyGraph(DependencyReporter.java:124)
	at com.jeantessier.dependencyfinder.cli.DependencyReporter.doProcessing(DependencyReporter.java:96)
	at com.jeantessier.dependencyfinder.cli.Command.process(Command.java:170)
	at com.jeantessier.dependencyfinder.cli.Command.run(Command.java:92)
	at com.jeantessier.dependencyfinder.cli.DependencyReporter.main(DependencyReporter.java:182)
org.apache.commons.exec.ExecuteException: Process exited with an error: 1 (Exit value: 1)
	at org.apache.commons.exec.DefaultExecutor.executeInternal(DefaultExecutor.java:377)
	at org.apache.commons.exec.DefaultExecutor.execute(DefaultExecutor.java:160)
	at uw.star.rts.analysis.DependencyAnalyzer.runDependencyFinder(DependencyAnalyzer.java:151)
	at uw.star.rts.analysis.DependencyAnalyzer_C2CInbound.analyze(DependencyAnalyzer_C2CInbound.java:53)
	at uw.star.rts.technique.ClassFirewall_Direct.collectDependentInformation(ClassFirewall_Direct.java:45)
	at uw.star.rts.technique.ClassFirewall.selectTests(ClassFirewall.java:70)
	at uw.star.rts.TCselection.TestCaseSelection.applyTechnique(TestCaseSelection.java:49)
	at uw.star.rts.TCselection.TestCaseSelection.applyTechniques(TestCaseSelection.java:111)
	at uw.star.rts.main.Engine.evaluate(Engine.java:103)
	at uw.star.rts.main.Engine.main(Engine.java:53)
	at sun.reflect.NativeMethodAccessorImpl.invoke0(Native Method)
	at sun.reflect.NativeMethodAccessorImpl.invoke(NativeMethodAccessorImpl.java:57)
	at sun.reflect.DelegatingMethodAccessorImpl.invoke(DelegatingMethodAccessorImpl.java:43)
	at java.lang.reflect.Method.invoke(Method.java:601)
	at org.eclipse.jdt.internal.jarinjarloader.JarRsrcLoader.main(JarRsrcLoader.java:58)
Exception in thread "main" java.lang.OutOfMemoryError: Java heap space
	at com.sun.org.apache.xerces.internal.util.XMLStringBuffer.append(XMLStringBuffer.java:205)
	at com.sun.org.apache.xerces.internal.impl.XMLDocumentScannerImpl.refresh(XMLDocumentScannerImpl.java:1522)
	at com.sun.org.apache.xerces.internal.impl.XMLEntityScanner.invokeListeners(XMLEntityScanner.java:2070)
	at com.sun.org.apache.xerces.internal.impl.XMLEntityScanner.scanName(XMLEntityScanner.java:701)
	at com.sun.org.apache.xerces.internal.impl.XMLDocumentFragmentScannerImpl.scanStartElement(XMLDocumentFragmentScannerImpl.java:1285)
	at com.sun.org.apache.xerces.internal.impl.XMLDocumentFragmentScannerImpl$FragmentContentDriver.next(XMLDocumentFragmentScannerImpl.java:2755)
	at com.sun.org.apache.xerces.internal.impl.XMLDocumentScannerImpl.next(XMLDocumentScannerImpl.java:648)
	at com.sun.org.apache.xerces.internal.impl.XMLDocumentFragmentScannerImpl.scanDocument(XMLDocumentFragmentScannerImpl.java:511)
	at com.sun.org.apache.xerces.internal.parsers.XML11Configuration.parse(XML11Configuration.java:808)
	at com.sun.org.apache.xerces.internal.parsers.XML11Configuration.parse(XML11Configuration.java:737)
	at com.sun.org.apache.xerces.internal.parsers.XMLParser.parse(XMLParser.java:119)
	at com.sun.org.apache.xerces.internal.parsers.AbstractSAXParser.parse(AbstractSAXParser.java:1205)
	at com.sun.org.apache.xerces.internal.jaxp.SAXParserImpl$JAXPSAXParser.parse(SAXParserImpl.java:522)
	at com.jeantessier.dependency.NodeLoader.load(NodeLoader.java:109)
	at com.jeantessier.dependency.NodeLoader.load(NodeLoader.java:86)
	at com.jeantessier.dependency.NodeLoader.load(NodeLoader.java:71)
	at com.jeantessier.dependencyfinder.cli.DependencyReporter.loadGraphFromFile(DependencyReporter.java:174)
	at com.jeantessier.dependencyfinder.cli.DependencyReporter.copyGraphFromFiles(DependencyReporter.java:135)
	at com.jeantessier.dependencyfinder.cli.DependencyReporter.copyGraph(DependencyReporter.java:124)
	at com.jeantessier.dependencyfinder.cli.DependencyReporter.doProcessing(DependencyReporter.java:96)
	at com.jeantessier.dependencyfinder.cli.Command.process(Command.java:170)
	at com.jeantessier.dependencyfinder.cli.Command.run(Command.java:92)
	at com.jeantessier.dependencyfinder.cli.DependencyReporter.main(DependencyReporter.java:182)
org.apache.commons.exec.ExecuteException: Process exited with an error: 1 (Exit value: 1)
	at org.apache.commons.exec.DefaultExecutor.executeInternal(DefaultExecutor.java:377)
	at org.apache.commons.exec.DefaultExecutor.execute(DefaultExecutor.java:160)
	at uw.star.rts.analysis.DependencyAnalyzer.runDependencyFinder(DependencyAnalyzer.java:151)
	at uw.star.rts.analysis.DependencyAnalyzer_C2CInbound.analyze(DependencyAnalyzer_C2CInbound.java:53)
	at uw.star.rts.technique.ClassFirewall_Direct.collectDependentInformation(ClassFirewall_Direct.java:45)
	at uw.star.rts.technique.ClassFirewall.selectTests(ClassFirewall.java:70)
	at uw.star.rts.TCselection.TestCaseSelection.applyTechnique(TestCaseSelection.java:49)
	at uw.star.rts.TCselection.TestCaseSelection.applyTechniques(TestCaseSelection.java:111)
	at uw.star.rts.main.Engine.evaluate(Engine.java:103)
	at uw.star.rts.main.Engine.main(Engine.java:53)
	at sun.reflect.NativeMethodAccessorImpl.invoke0(Native Method)
	at sun.reflect.NativeMethodAccessorImpl.invoke(NativeMethodAccessorImpl.java:57)
	at sun.reflect.DelegatingMethodAccessorImpl.invoke(DelegatingMethodAccessorImpl.java:43)
	at java.lang.reflect.Method.invoke(Method.java:601)
	at org.eclipse.jdt.internal.jarinjarloader.JarRsrcLoader.main(JarRsrcLoader.java:58)
